<?xml version="1.0" encoding="UTF-8"?>
<!-- Generated by org.testng.reporters.JUnitReportReporter -->
<testsuite skipped="0" hostname="amagdy" name="BestBuy.API_Task.Tests" tests="4" failures="0" timestamp="2021-04-08T19:23:35 EET" time="2.945" errors="0">
  <testcase name="getProductRequestIfIdIsValid" time="0.196" classname="BestBuy.API_Task.Tests"/>
  <system-out/>
  <testcase name="getProductRequestIfIEndPointIsInvalid" time="2.685" classname="BestBuy.API_Task.Tests"/>
  <system-out/>
  <testcase name="getProductRequestIfIdIsNull" time="0.030" classname="BestBuy.API_Task.Tests"/>
  <system-out/>
  <testcase name="getProductRequestIfIdIsInvalid" time="0.034" classname="BestBuy.API_Task.Tests"/>
  <system-out/>
</testsuite> <!-- BestBuy.API_Task.Tests -->
