<?xml version="1.0" encoding="UTF-8"?>
<!-- Generated by org.testng.reporters.JUnitReportReporter -->
<testsuite skipped="0" hostname="amagdy" name="BestBuy.BestBuy_Automation.Tests" tests="3" failures="0" timestamp="2021-04-08T18:39:38 EET" time="2.778" errors="0">
  <testcase name="getProductRequestIfIdIsValid" time="0.186" classname="BestBuy.BestBuy_Automation.Tests"/>
  <system-out/>
  <testcase name="getProductRequestIfIdIsInvalid" time="0.031" classname="BestBuy.BestBuy_Automation.Tests"/>
  <system-out/>
  <testcase name="getProductRequestIfIEndPointIsInvalid" time="2.561" classname="BestBuy.BestBuy_Automation.Tests"/>
  <system-out/>
</testsuite> <!-- BestBuy.BestBuy_Automation.Tests -->
